#
# A fatal error has been detected by the Java Runtime Environment:
#
#  EXCEPTION_UNCAUGHT_CXX_EXCEPTION (0xe06d7363) at pc=0x00007ff991f1a799, pid=35620, tid=0x00000000000071d4
#
# JRE version: Java(TM) SE Runtime Environment (8.0_181-b13) (build 1.8.0_181-b13)
# Java VM: Java HotSpot(TM) 64-Bit Server VM (25.181-b13 mixed mode windows-amd64 compressed oops)
# Problematic frame:
# C  [KERNELBASE.dll+0x3a799]
#
# Failed to write core dump. Minidumps are not enabled by default on client versions of Windows
#
# If you would like to submit a bug report, please visit:
#   http://bugreport.java.com/bugreport/crash.jsp
# The crash happened outside the Java Virtual Machine in native code.
# See problematic frame for where to report the bug.
#

---------------  T H R E A D  ---------------

Current thread (0x000000002b368800):  JavaThread "Thread-4" [_thread_in_native, id=29140, stack(0x0000000030cf0000,0x0000000030df0000)]

siginfo: ExceptionCode=0xe06d7363, ExceptionInformation=0x0000000019930520 0x0000000030dddcf0 0x00007ff948a3cd78 0x00007ff9487f0000 

Registers:
RAX=0x0000000000000000, RBX=0x00007ff948a3cd78, RCX=0x0000000000000000, RDX=0x0000000000000000
RSP=0x0000000030dddb60, RBP=0x0000000030dddca0, RSI=0x00007ff930a40f90, RDI=0x0000000030dddcf0
R8 =0x0000000000000000, R9 =0x0000000000000000, R10=0x0000000000000000, R11=0x0000000000000000
R12=0x00000000ffffff29, R13=0x0000000000000000, R14=0x00007ff930a40b80, R15=0x0000000030dedfe8
RIP=0x00007ff991f1a799, EFLAGS=0x0000000000000202

Top of Stack: (sp=0x0000000030dddb60)
0x0000000030dddb60:   0000000000000000 00007ff948a3cd78
0x0000000030dddb70:   00007ff930a40f90 0000000000000000
0x0000000030dddb80:   00000001e06d7363 0000000000000000
0x0000000030dddb90:   00007ff991f1a799 0000000000000004
0x0000000030dddba0:   0000000019930520 0000000030dddcf0
0x0000000030dddbb0:   00007ff948a3cd78 00007ff9487f0000
0x0000000030dddbc0:   0000000000000000 00000000ffffff29
0x0000000030dddbd0:   00007ff930a40f90 0000000030dddca0
0x0000000030dddbe0:   0000000030dddcb0 00007ff99417f41f
0x0000000030dddbf0:   0000000030dddcf0 00007ff900000000
0x0000000030dddc00:   0000000030dddcf0 00007ff972bed306
0x0000000030dddc10:   00007ff948a5f000 00007ff9487f0000
0x0000000030dddc20:   00001bdb3676d39e 00007ff972c6c4d0
0x0000000030dddc30:   00007ff948a3cd78 00007ff972beef63
0x0000000030dddc40:   0000000030dddcf0 00007ff972bbeb8d
0x0000000030dddc50:   00007ff972c6c4d0 00007ff930a40f90 

Instructions: (pc=0x00007ff991f1a799)
0x00007ff991f1a779:   8b d1 44 0f 47 c0 44 89 44 24 38 49 c1 e0 03 e8
0x00007ff991f1a789:   da 4e 05 00 48 8d 4c 24 20 48 ff 15 8f c4 16 00
0x00007ff991f1a799:   0f 1f 44 00 00 48 8b 8c 24 c0 00 00 00 48 33 cc
0x00007ff991f1a7a9:   e8 72 ef 04 00 48 81 c4 d8 00 00 00 c3 83 64 24 


Register to memory mapping:

RAX=0x0000000000000000 is an unknown value
RBX=0x00007ff948a3cd78 is an unknown value
RCX=0x0000000000000000 is an unknown value
RDX=0x0000000000000000 is an unknown value
RSP=0x0000000030dddb60 is pointing into the stack for thread: 0x000000002b368800
RBP=0x0000000030dddca0 is pointing into the stack for thread: 0x000000002b368800
RSI=0x00007ff930a40f90 is an unknown value
RDI=0x0000000030dddcf0 is pointing into the stack for thread: 0x000000002b368800
R8 =0x0000000000000000 is an unknown value
R9 =0x0000000000000000 is an unknown value
R10=0x0000000000000000 is an unknown value
R11=0x0000000000000000 is an unknown value
R12=0x00000000ffffff29 is an unknown value
R13=0x0000000000000000 is an unknown value
R14=0x00007ff930a40b80 is an unknown value
R15=0x0000000030dedfe8 is pointing into the stack for thread: 0x000000002b368800


Stack: [0x0000000030cf0000,0x0000000030df0000],  sp=0x0000000030dddb60,  free space=950k
Native frames: (J=compiled Java code, j=interpreted, Vv=VM code, C=native code)
C  [KERNELBASE.dll+0x3a799]
C  0x00007ff972beef63
C  0x00007ff948992c34
C  0x00007ff948992d76
C  0x00007ff93087faf2
C  0x00007ff930886c15
C  0x00007ff97288e52d
C  0x000000000349a0b1

Java frames: (J=compiled Java code, j=interpreted, Vv=VM code)
J 3738  org.bytedeco.javacpp.opencv_imgproc.cvCvtColor(Lorg/bytedeco/javacpp/helper/opencv_core$CvArr;Lorg/bytedeco/javacpp/helper/opencv_core$CvArr;I)V (0 bytes) @ 0x000000000349a02b [0x0000000003499fc0+0x6b]
j  application.FaceDetector.run()V+295
j  java.lang.Thread.run()V+11
v  ~StubRoutines::call_stub

---------------  P R O C E S S  ---------------

Java Threads: ( => current thread )
  0x000000001e4ea000 JavaThread "Java2D Disposer" daemon [_thread_blocked, id=11232, stack(0x0000000031f80000,0x0000000032080000)]
=>0x000000002b368800 JavaThread "Thread-4" [_thread_in_native, id=29140, stack(0x0000000030cf0000,0x0000000030df0000)]
  0x000000002778d800 JavaThread "JavaCPP Deallocator" daemon [_thread_blocked, id=12068, stack(0x000000002f020000,0x000000002f120000)]
  0x000000002b30c000 JavaThread "Prism Font Disposer" daemon [_thread_blocked, id=28440, stack(0x0000000029ed0000,0x0000000029fd0000)]
  0x000000001f162000 JavaThread "Thread-3" daemon [_thread_in_native, id=36688, stack(0x0000000027280000,0x0000000027380000)]
  0x000000001f152800 JavaThread "JavaFX-Launcher" [_thread_blocked, id=31884, stack(0x0000000027380000,0x0000000027480000)]
  0x000000001f114000 JavaThread "JavaFX Application Thread" [_thread_in_native, id=39232, stack(0x00000000203f0000,0x00000000204f0000)]
  0x000000001f113000 JavaThread "Thread-1" daemon [_thread_blocked, id=14940, stack(0x00000000202f0000,0x00000000203f0000)]
  0x000000001f10c000 JavaThread "QuantumRenderer-0" daemon [_thread_blocked, id=28080, stack(0x000000001fb00000,0x000000001fc00000)]
  0x000000001e34c000 JavaThread "Service Thread" daemon [_thread_blocked, id=22376, stack(0x000000001ee90000,0x000000001ef90000)]
  0x000000001e2d6800 JavaThread "C1 CompilerThread3" daemon [_thread_blocked, id=32376, stack(0x000000001ed90000,0x000000001ee90000)]
  0x000000001e2cd800 JavaThread "C2 CompilerThread2" daemon [_thread_blocked, id=38448, stack(0x000000001ec90000,0x000000001ed90000)]
  0x000000001e2c8000 JavaThread "C2 CompilerThread1" daemon [_thread_blocked, id=20912, stack(0x000000001eb90000,0x000000001ec90000)]
  0x000000001e2c2000 JavaThread "C2 CompilerThread0" daemon [_thread_blocked, id=26380, stack(0x000000001ea90000,0x000000001eb90000)]
  0x000000001e2bf800 JavaThread "Attach Listener" daemon [_thread_blocked, id=8896, stack(0x000000001e990000,0x000000001ea90000)]
  0x000000001e2be000 JavaThread "Signal Dispatcher" daemon [_thread_blocked, id=31676, stack(0x000000001e890000,0x000000001e990000)]
  0x000000001c3b4800 JavaThread "Finalizer" daemon [_thread_blocked, id=28152, stack(0x000000001e690000,0x000000001e790000)]
  0x000000000298e800 JavaThread "Reference Handler" daemon [_thread_blocked, id=9056, stack(0x000000001e190000,0x000000001e290000)]
  0x0000000002896800 JavaThread "main" [_thread_blocked, id=37116, stack(0x0000000002790000,0x0000000002890000)]

Other Threads:
  0x000000001c3a8800 VMThread [stack: 0x000000001e090000,0x000000001e190000] [id=36300]
  0x000000001e377000 WatcherThread [stack: 0x000000001ef90000,0x000000001f090000] [id=21556]

VM state:not at safepoint (normal execution)

VM Mutex/Monitor currently owned by a thread: None

Heap:
 PSYoungGen      total 37376K, used 19126K [0x000000076b600000, 0x000000076e900000, 0x00000007c0000000)
  eden space 35840K, 49% used [0x000000076b600000,0x000000076c751b98,0x000000076d900000)
  from space 1536K, 90% used [0x000000076d980000,0x000000076dadc010,0x000000076db00000)
  to   space 8192K, 0% used [0x000000076e100000,0x000000076e100000,0x000000076e900000)
 ParOldGen       total 83456K, used 58658K [0x00000006c2200000, 0x00000006c7380000, 0x000000076b600000)
  object space 83456K, 70% used [0x00000006c2200000,0x00000006c5b48838,0x00000006c7380000)
 Metaspace       used 25992K, capacity 26948K, committed 27008K, reserved 1073152K
  class space    used 3431K, capacity 3655K, committed 3712K, reserved 1048576K

Card table byte_map: [0x0000000011d50000,0x0000000012540000] byte_map_base: 0x000000000e73f000

Marking Bits: (ParMarkBitMap*) 0x00000000536d2d00
 Begin Bits: [0x0000000013290000, 0x0000000017208000)
 End Bits:   [0x0000000017208000, 0x000000001b180000)

Polling page: 0x00000000007c0000

CodeCache: size=245760Kb used=12193Kb max_used=12202Kb free=233566Kb
 bounds [0x0000000002990000, 0x0000000003590000, 0x0000000011990000]
 total_blobs=4683 nmethods=3825 adapters=770
 compilation: enabled

Compilation events (10 events):
Event: 54.581 Thread 0x000000001e2d6800 nmethod 4166 0x00000000035679d0 code [0x0000000003567b20, 0x0000000003567c70]
Event: 54.581 Thread 0x000000001e2d6800 4164       1       javafx.scene.text.Text$TextAttribute::access$1200 (5 bytes)
Event: 54.581 Thread 0x000000001e2d6800 nmethod 4164 0x000000000357e710 code [0x000000000357e860, 0x000000000357e950]
Event: 54.595 Thread 0x000000001e2d6800 4167       1       javafx.animation.Animation::access$100 (5 bytes)
Event: 54.595 Thread 0x000000001e2d6800 nmethod 4167 0x000000000357e9d0 code [0x000000000357eb20, 0x000000000357ec10]
Event: 54.595 Thread 0x000000001e2d6800 4168       3       com.sun.javafx.sg.prism.NGGroup::markCullRegions (198 bytes)
Event: 54.597 Thread 0x000000001e2d6800 nmethod 4168 0x000000000357ec90 code [0x000000000357ef20, 0x00000000035801f8]
Event: 54.675 Thread 0x000000001e2d6800 4169       3       com.sun.javafx.sg.prism.NGNode::markCullRegions (204 bytes)
Event: 54.676 Thread 0x000000001e2d6800 nmethod 4169 0x0000000003580c50 code [0x0000000003580ea0, 0x0000000003581f38]
Event: 54.772 Thread 0x000000001e2c2000 4170       4       com.sun.scenario.effect.impl.state.GaussianRenderState::getGaussianWeights (192 bytes)

GC Heap History (10 events):
Event: 52.573 GC heap before
{Heap before GC invocations=42 (full 1):
 PSYoungGen      total 44544K, used 39693K [0x000000076b600000, 0x000000076e980000, 0x00000007c0000000)
  eden space 38400K, 99% used [0x000000076b600000,0x000000076db57430,0x000000076db80000)
  from space 6144K, 23% used [0x000000076e380000,0x000000076e4ec010,0x000000076e980000)
  to   space 7168K, 0% used [0x000000076db80000,0x000000076db80000,0x000000076e280000)
 ParOldGen       total 83456K, used 51449K [0x00000006c2200000, 0x00000006c7380000, 0x000000076b600000)
  object space 83456K, 61% used [0x00000006c2200000,0x00000006c543e7d8,0x00000006c7380000)
 Metaspace       used 25982K, capacity 26948K, committed 27008K, reserved 1073152K
  class space    used 3431K, capacity 3655K, committed 3712K, reserved 1048576K
Event: 52.574 GC heap after
Heap after GC invocations=42 (full 1):
 PSYoungGen      total 45056K, used 4992K [0x000000076b600000, 0x000000076ea00000, 0x00000007c0000000)
  eden space 37888K, 0% used [0x000000076b600000,0x000000076b600000,0x000000076db00000)
  from space 7168K, 69% used [0x000000076db80000,0x000000076e060040,0x000000076e280000)
  to   space 7680K, 0% used [0x000000076e280000,0x000000076e280000,0x000000076ea00000)
 ParOldGen       total 83456K, used 52689K [0x00000006c2200000, 0x00000006c7380000, 0x000000076b600000)
  object space 83456K, 63% used [0x00000006c2200000,0x00000006c55747e8,0x00000006c7380000)
 Metaspace       used 25982K, capacity 26948K, committed 27008K, reserved 1073152K
  class space    used 3431K, capacity 3655K, committed 3712K, reserved 1048576K
}
Event: 53.085 GC heap before
{Heap before GC invocations=43 (full 1):
 PSYoungGen      total 45056K, used 42016K [0x000000076b600000, 0x000000076ea00000, 0x00000007c0000000)
  eden space 37888K, 97% used [0x000000076b600000,0x000000076da28118,0x000000076db00000)
  from space 7168K, 69% used [0x000000076db80000,0x000000076e060040,0x000000076e280000)
  to   space 7680K, 0% used [0x000000076e280000,0x000000076e280000,0x000000076ea00000)
 ParOldGen       total 83456K, used 52689K [0x00000006c2200000, 0x00000006c7380000, 0x000000076b600000)
  object space 83456K, 63% used [0x00000006c2200000,0x00000006c55747e8,0x00000006c7380000)
 Metaspace       used 25982K, capacity 26948K, committed 27008K, reserved 1073152K
  class space    used 3431K, capacity 3655K, committed 3712K, reserved 1048576K
Event: 53.087 GC heap after
Heap after GC invocations=43 (full 1):
 PSYoungGen      total 45056K, used 5088K [0x000000076b600000, 0x000000076ea80000, 0x00000007c0000000)
  eden space 37376K, 0% used [0x000000076b600000,0x000000076b600000,0x000000076da80000)
  from space 7680K, 66% used [0x000000076e280000,0x000000076e778040,0x000000076ea00000)
  to   space 8192K, 0% used [0x000000076da80000,0x000000076da80000,0x000000076e280000)
 ParOldGen       total 83456K, used 53929K [0x00000006c2200000, 0x00000006c7380000, 0x000000076b600000)
  object space 83456K, 64% used [0x00000006c2200000,0x00000006c56aa7f8,0x00000006c7380000)
 Metaspace       used 25982K, capacity 26948K, committed 27008K, reserved 1073152K
  class space    used 3431K, capacity 3655K, committed 3712K, reserved 1048576K
}
Event: 53.580 GC heap before
{Heap before GC invocations=44 (full 1):
 PSYoungGen      total 45056K, used 42185K [0x000000076b600000, 0x000000076ea80000, 0x00000007c0000000)
  eden space 37376K, 99% used [0x000000076b600000,0x000000076da3a428,0x000000076da80000)
  from space 7680K, 66% used [0x000000076e280000,0x000000076e778040,0x000000076ea00000)
  to   space 8192K, 0% used [0x000000076da80000,0x000000076da80000,0x000000076e280000)
 ParOldGen       total 83456K, used 53929K [0x00000006c2200000, 0x00000006c7380000, 0x000000076b600000)
  object space 83456K, 64% used [0x00000006c2200000,0x00000006c56aa7f8,0x00000006c7380000)
 Metaspace       used 25990K, capacity 26948K, committed 27008K, reserved 1073152K
  class space    used 3431K, capacity 3655K, committed 3712K, reserved 1048576K
Event: 53.582 GC heap after
Heap after GC invocations=44 (full 1):
 PSYoungGen      total 45056K, used 5056K [0x000000076b600000, 0x000000076eb00000, 0x00000007c0000000)
  eden space 36864K, 0% used [0x000000076b600000,0x000000076b600000,0x000000076da00000)
  from space 8192K, 61% used [0x000000076da80000,0x000000076df70040,0x000000076e280000)
  to   space 8704K, 0% used [0x000000076e280000,0x000000076e280000,0x000000076eb00000)
 ParOldGen       total 83456K, used 55170K [0x00000006c2200000, 0x00000006c7380000, 0x000000076b600000)
  object space 83456K, 66% used [0x00000006c2200000,0x00000006c57e0808,0x00000006c7380000)
 Metaspace       used 25990K, capacity 26948K, committed 27008K, reserved 1073152K
  class space    used 3431K, capacity 3655K, committed 3712K, reserved 1048576K
}
Event: 54.060 GC heap before
{Heap before GC invocations=45 (full 1):
 PSYoungGen      total 45056K, used 40783K [0x000000076b600000, 0x000000076eb00000, 0x00000007c0000000)
  eden space 36864K, 96% used [0x000000076b600000,0x000000076d8e3cb0,0x000000076da00000)
  from space 8192K, 61% used [0x000000076da80000,0x000000076df70040,0x000000076e280000)
  to   space 8704K, 0% used [0x000000076e280000,0x000000076e280000,0x000000076eb00000)
 ParOldGen       total 83456K, used 55170K [0x00000006c2200000, 0x00000006c7380000, 0x000000076b600000)
  object space 83456K, 66% used [0x00000006c2200000,0x00000006c57e0808,0x00000006c7380000)
 Metaspace       used 25990K, capacity 26948K, committed 27008K, reserved 1073152K
  class space    used 3431K, capacity 3655K, committed 3712K, reserved 1048576K
Event: 54.063 GC heap after
Heap after GC invocations=45 (full 1):
 PSYoungGen      total 43520K, used 3616K [0x000000076b600000, 0x000000076e980000, 0x00000007c0000000)
  eden space 36352K, 0% used [0x000000076b600000,0x000000076b600000,0x000000076d980000)
  from space 7168K, 50% used [0x000000076e280000,0x000000076e608030,0x000000076e980000)
  to   space 8192K, 0% used [0x000000076d980000,0x000000076d980000,0x000000076e180000)
 ParOldGen       total 83456K, used 56402K [0x00000006c2200000, 0x00000006c7380000, 0x000000076b600000)
  object space 83456K, 67% used [0x00000006c2200000,0x00000006c5914818,0x00000006c7380000)
 Metaspace       used 25990K, capacity 26948K, committed 27008K, reserved 1073152K
  class space    used 3431K, capacity 3655K, committed 3712K, reserved 1048576K
}
Event: 54.557 GC heap before
{Heap before GC invocations=46 (full 1):
 PSYoungGen      total 43520K, used 39442K [0x000000076b600000, 0x000000076e980000, 0x00000007c0000000)
  eden space 36352K, 98% used [0x000000076b600000,0x000000076d8fcb38,0x000000076d980000)
  from space 7168K, 50% used [0x000000076e280000,0x000000076e608030,0x000000076e980000)
  to   space 8192K, 0% used [0x000000076d980000,0x000000076d980000,0x000000076e180000)
 ParOldGen       total 83456K, used 56402K [0x00000006c2200000, 0x00000006c7380000, 0x000000076b600000)
  object space 83456K, 67% used [0x00000006c2200000,0x00000006c5914818,0x00000006c7380000)
 Metaspace       used 25990K, capacity 26948K, committed 27008K, reserved 1073152K
  class space    used 3431K, capacity 3655K, committed 3712K, reserved 1048576K
Event: 54.559 GC heap after
Heap after GC invocations=46 (full 1):
 PSYoungGen      total 37376K, used 1392K [0x000000076b600000, 0x000000076e900000, 0x00000007c0000000)
  eden space 35840K, 0% used [0x000000076b600000,0x000000076b600000,0x000000076d900000)
  from space 1536K, 90% used [0x000000076d980000,0x000000076dadc010,0x000000076db00000)
  to   space 8192K, 0% used [0x000000076e100000,0x000000076e100000,0x000000076e900000)
 ParOldGen       total 83456K, used 58658K [0x00000006c2200000, 0x00000006c7380000, 0x000000076b600000)
  object space 83456K, 70% used [0x00000006c2200000,0x00000006c5b48838,0x00000006c7380000)
 Metaspace       used 25990K, capacity 26948K, committed 27008K, reserved 1073152K
  class space    used 3431K, capacity 3655K, committed 3712K, reserved 1048576K
}

Deoptimization events (10 events):
Event: 34.864 Thread 0x000000001f114000 Uncommon trap: reason=unstable_if action=reinterpret pc=0x00000000033fece4 method=javafx.scene.Node.impl_intersectsBounds(Lcom/sun/javafx/geom/PickRay;)D @ 902
Event: 53.683 Thread 0x000000001f10c000 Uncommon trap: reason=unstable_if action=reinterpret pc=0x0000000003532204 method=com.sun.javafx.sg.prism.NGGroup.computeRenderRoot(Lcom/sun/javafx/sg/prism/NodePath;Lcom/sun/javafx/geom/RectBounds;ILcom/sun/javafx/geom/transform/BaseTransform;Lcom/sun/ja
Event: 53.684 Thread 0x000000001f10c000 Uncommon trap: reason=unstable_if action=reinterpret pc=0x0000000003531c28 method=com.sun.javafx.sg.prism.NGGroup.computeRenderRoot(Lcom/sun/javafx/sg/prism/NodePath;Lcom/sun/javafx/geom/RectBounds;ILcom/sun/javafx/geom/transform/BaseTransform;Lcom/sun/ja
Event: 53.684 Thread 0x000000001f10c000 Uncommon trap: reason=unstable_if action=reinterpret pc=0x0000000003531cb8 method=com.sun.javafx.sg.prism.NGRegion.computeRenderRoot(Lcom/sun/javafx/sg/prism/NodePath;Lcom/sun/javafx/geom/RectBounds;ILcom/sun/javafx/geom/transform/BaseTransform;Lcom/sun/j
Event: 53.684 Thread 0x000000001f10c000 Uncommon trap: reason=unstable_if action=reinterpret pc=0x000000000351d938 method=com.sun.javafx.sg.prism.NGRegion.computeRenderRoot(Lcom/sun/javafx/sg/prism/NodePath;Lcom/sun/javafx/geom/RectBounds;ILcom/sun/javafx/geom/transform/BaseTransform;Lcom/sun/j
Event: 53.684 Thread 0x000000001f10c000 Uncommon trap: reason=null_check action=make_not_entrant pc=0x0000000002c01684 method=com.sun.javafx.sg.prism.RegionImageCache.getImageLocation(Ljava/lang/Integer;Lcom/sun/javafx/geom/Rectangle;Ljavafx/scene/layout/Background;Lcom/sun/javafx/geom/Shape;Lc
Event: 54.259 Thread 0x000000001f10c000 Uncommon trap: reason=unstable_if action=reinterpret pc=0x000000000353a4d8 method=com.sun.prism.impl.BaseResourcePool.lambda$static$455(Lcom/sun/prism/impl/ManagedResource;)Z @ 13
Event: 54.581 Thread 0x000000001f10c000 Uncommon trap: reason=unstable_if action=reinterpret pc=0x00000000034ed588 method=com.sun.javafx.sg.prism.NGNode.markCullRegions(Lcom/sun/javafx/geom/DirtyRegionContainer;ILcom/sun/javafx/geom/transform/BaseTransform;Lcom/sun/javafx/geom/transform/General
Event: 54.581 Thread 0x000000001f10c000 Uncommon trap: reason=unstable_if action=reinterpret pc=0x00000000034e0160 method=com.sun.javafx.sg.prism.NGNode.markCullRegions(Lcom/sun/javafx/geom/DirtyRegionContainer;ILcom/sun/javafx/geom/transform/BaseTransform;Lcom/sun/javafx/geom/transform/General
Event: 54.582 Thread 0x000000001f10c000 Uncommon trap: reason=unstable_if action=reinterpret pc=0x00000000034f8f78 method=com.sun.prism.impl.GlyphCache.render(Lcom/sun/prism/impl/BaseContext;Lcom/sun/javafx/scene/text/GlyphList;FFIILcom/sun/prism/paint/Color;Lcom/sun/prism/paint/Color;Lcom/sun/

Classes redefined (0 events):
No events

Internal exceptions (10 events):
Event: 1.038 Thread 0x000000001f114000 Implicit null exception at 0x0000000002cdd4f5 to 0x0000000002cdd725
Event: 1.184 Thread 0x000000001f114000 Exception <a 'java/io/FileNotFoundException'> (0x000000076e45b818) thrown at [C:\re\workspace\8-2-build-windows-amd64-cygwin\jdk8u181\11358\hotspot\src\share\vm\prims\jni.cpp, line 709]
Event: 26.089 Thread 0x000000001f114000 Implicit null exception at 0x0000000002bd49d6 to 0x0000000002bd4d81
Event: 27.278 Thread 0x000000002b368800 Exception <a 'java/io/FileNotFoundException'> (0x000000076f297dc8) thrown at [C:\re\workspace\8-2-build-windows-amd64-cygwin\jdk8u181\11358\hotspot\src\share\vm\prims\jni.cpp, line 709]
Event: 27.309 Thread 0x000000002b368800 Exception <a 'java/io/FileNotFoundException'> (0x000000076f2bb918) thrown at [C:\re\workspace\8-2-build-windows-amd64-cygwin\jdk8u181\11358\hotspot\src\share\vm\prims\jni.cpp, line 709]
Event: 33.799 Thread 0x000000001f10c000 Implicit null exception at 0x0000000002c3955d to 0x0000000002c3adb1
Event: 33.799 Thread 0x000000001f10c000 Implicit null exception at 0x000000000339c8eb to 0x000000000339c971
Event: 33.799 Thread 0x000000001f10c000 Implicit null exception at 0x0000000003335d15 to 0x0000000003335d7d
Event: 33.799 Thread 0x000000001f10c000 Implicit null exception at 0x0000000002b38ed0 to 0x0000000002b38f2d
Event: 53.684 Thread 0x000000001f10c000 Implicit null exception at 0x0000000002bff2c6 to 0x0000000002c015c2

Events (10 events):
Event: 54.559 Executing VM operation: ParallelGCFailedAllocation done
Event: 54.581 Thread 0x000000001f10c000 Uncommon trap: trap_request=0xffffff65 fr.pc=0x00000000034ed588
Event: 54.581 Thread 0x000000001f10c000 DEOPT PACKING pc=0x00000000034ed588 sp=0x000000001fbfe7f0
Event: 54.581 Thread 0x000000001f10c000 DEOPT UNPACKING pc=0x00000000029d583b sp=0x000000001fbfe730 mode 2
Event: 54.581 Thread 0x000000001f10c000 Uncommon trap: trap_request=0xffffff65 fr.pc=0x00000000034e0160
Event: 54.581 Thread 0x000000001f10c000 DEOPT PACKING pc=0x00000000034e0160 sp=0x000000001fbfe630
Event: 54.581 Thread 0x000000001f10c000 DEOPT UNPACKING pc=0x00000000029d583b sp=0x000000001fbfe5d8 mode 2
Event: 54.582 Thread 0x000000001f10c000 Uncommon trap: trap_request=0xffffff65 fr.pc=0x00000000034f8f78
Event: 54.582 Thread 0x000000001f10c000 DEOPT PACKING pc=0x00000000034f8f78 sp=0x000000001fbfd3a0
Event: 54.582 Thread 0x000000001f10c000 DEOPT UNPACKING pc=0x00000000029d583b sp=0x000000001fbfd330 mode 2


Dynamic libraries:
0x00007ff654f30000 - 0x00007ff654f67000 	C:\Program Files\Java\jre1.8.0_181\bin\javaw.exe
0x00007ff994160000 - 0x00007ff994350000 	C:\WINDOWS\SYSTEM32\ntdll.dll
0x00007ff993100000 - 0x00007ff9931b2000 	C:\WINDOWS\System32\KERNEL32.DLL
0x00007ff991ee0000 - 0x00007ff992183000 	C:\WINDOWS\System32\KERNELBASE.dll
0x00007ff993370000 - 0x00007ff993413000 	C:\WINDOWS\System32\ADVAPI32.dll
0x00007ff9937f0000 - 0x00007ff99388e000 	C:\WINDOWS\System32\msvcrt.dll
0x00007ff9929c0000 - 0x00007ff992a57000 	C:\WINDOWS\System32\sechost.dll
0x00007ff992210000 - 0x00007ff992330000 	C:\WINDOWS\System32\RPCRT4.dll
0x00007ff992330000 - 0x00007ff9924c4000 	C:\WINDOWS\System32\USER32.dll
0x00007ff991370000 - 0x00007ff991391000 	C:\WINDOWS\System32\win32u.dll
0x00007ff992c40000 - 0x00007ff992c66000 	C:\WINDOWS\System32\GDI32.dll
0x00007ff9913d0000 - 0x00007ff991564000 	C:\WINDOWS\System32\gdi32full.dll
0x00007ff991cf0000 - 0x00007ff991d8e000 	C:\WINDOWS\System32\msvcp_win.dll
0x00007ff991de0000 - 0x00007ff991eda000 	C:\WINDOWS\System32\ucrtbase.dll
0x00007ff98ff00000 - 0x00007ff990185000 	C:\WINDOWS\WinSxS\amd64_microsoft.windows.common-controls_6595b64144ccf1df_6.0.18362.778_none_e6c6b761130d4fb8\COMCTL32.dll
0x00007ff992dc0000 - 0x00007ff9930f6000 	C:\WINDOWS\System32\combase.dll
0x00007ff992190000 - 0x00007ff992210000 	C:\WINDOWS\System32\bcryptPrimitives.dll
0x00007ff9934f0000 - 0x00007ff99351e000 	C:\WINDOWS\System32\IMM32.DLL
0x00007ff94d2d0000 - 0x00007ff94d9bc000 	C:\Program Files\McAfee\DLP\Agent\fcagpph64.dll
0x00007ff9938f0000 - 0x00007ff993fd5000 	C:\WINDOWS\System32\SHELL32.dll
0x00007ff991d90000 - 0x00007ff991dda000 	C:\WINDOWS\System32\cfgmgr32.dll
0x00007ff992c90000 - 0x00007ff992d39000 	C:\WINDOWS\System32\shcore.dll
0x00007ff991570000 - 0x00007ff991cf0000 	C:\WINDOWS\System32\windows.storage.dll
0x00007ff9910a0000 - 0x00007ff9910c3000 	C:\WINDOWS\System32\profapi.dll
0x00007ff991030000 - 0x00007ff99107a000 	C:\WINDOWS\System32\powrprof.dll
0x00007ff991020000 - 0x00007ff991030000 	C:\WINDOWS\System32\UMPDC.dll
0x00007ff993890000 - 0x00007ff9938e2000 	C:\WINDOWS\System32\shlwapi.dll
0x00007ff9910d0000 - 0x00007ff9910e1000 	C:\WINDOWS\System32\kernel.appcore.dll
0x00007ff9910f0000 - 0x00007ff991107000 	C:\WINDOWS\System32\cryptsp.dll
0x00007ff992ae0000 - 0x00007ff992c37000 	C:\WINDOWS\System32\ole32.dll
0x00007ff993ff0000 - 0x00007ff9940b4000 	C:\WINDOWS\System32\OLEAUT32.dll
0x00007ff9842e0000 - 0x00007ff984369000 	C:\WINDOWS\SYSTEM32\WINSPOOL.DRV
0x00007ff9913a0000 - 0x00007ff9913c6000 	C:\WINDOWS\System32\bcrypt.dll
0x00007ff989370000 - 0x00007ff98937a000 	C:\WINDOWS\SYSTEM32\VERSION.dll
0x00007ff98ec10000 - 0x00007ff98ecff000 	C:\WINDOWS\SYSTEM32\PROPSYS.dll
0x00007ff9905a0000 - 0x00007ff9905da000 	C:\WINDOWS\SYSTEM32\IPHLPAPI.DLL
0x00007ff990f10000 - 0x00007ff990f3f000 	C:\WINDOWS\SYSTEM32\SspiCli.dll
0x00007ff98fd80000 - 0x00007ff98fdb1000 	C:\WINDOWS\SYSTEM32\ntmarta.dll
0x00007ff94c750000 - 0x00007ff94ce15000 	C:\Program Files\McAfee\DLP\Agent\fcagcbh64.dll
0x00007ff96c050000 - 0x00007ff96c102000 	C:\Program Files\McAfee\Endpoint Security\Threat Prevention\Ips\EpMPApi.dll
0x00007ff991110000 - 0x00007ff99116c000 	C:\WINDOWS\System32\WINTRUST.dll
0x00007ff991080000 - 0x00007ff991092000 	C:\WINDOWS\System32\MSASN1.dll
0x00007ff991170000 - 0x00007ff9912b9000 	C:\WINDOWS\System32\CRYPT32.dll
0x0000000053e00000 - 0x0000000053e0c000 	C:\Program Files\McAfee\Endpoint Security\Threat Prevention\Ips\EpMPThe.dll
0x0000000052dd0000 - 0x0000000052ea2000 	C:\Program Files\Java\jre1.8.0_181\bin\msvcr100.dll
0x0000000052eb0000 - 0x0000000053752000 	C:\Program Files\Java\jre1.8.0_181\bin\server\jvm.dll
0x00000000007b0000 - 0x00000000007b8000 	C:\WINDOWS\System32\PSAPI.DLL
0x00007ff982960000 - 0x00007ff982969000 	C:\WINDOWS\SYSTEM32\WSOCK32.dll
0x0000000002570000 - 0x00000000025df000 	C:\WINDOWS\System32\WS2_32.dll
0x00007ff986db0000 - 0x00007ff986dd4000 	C:\WINDOWS\SYSTEM32\WINMM.dll
0x00007ff986d80000 - 0x00007ff986dad000 	C:\WINDOWS\SYSTEM32\WINMMBASE.dll
0x0000000053f50000 - 0x0000000053f5f000 	C:\Program Files\Java\jre1.8.0_181\bin\verify.dll
0x0000000053f20000 - 0x0000000053f49000 	C:\Program Files\Java\jre1.8.0_181\bin\java.dll
0x0000000053f00000 - 0x0000000053f16000 	C:\Program Files\Java\jre1.8.0_181\bin\zip.dll
0x0000000002620000 - 0x0000000002623000 	C:\Program Files\Java\jre1.8.0_181\bin\api-ms-win-core-console-l1-1-0.dll
0x000000001f890000 - 0x000000001f893000 	C:\Program Files\Java\jre1.8.0_181\bin\api-ms-win-core-datetime-l1-1-0.dll
0x000000001f8a0000 - 0x000000001f8a3000 	C:\Program Files\Java\jre1.8.0_181\bin\api-ms-win-core-debug-l1-1-0.dll
0x000000001f8b0000 - 0x000000001f8b3000 	C:\Program Files\Java\jre1.8.0_181\bin\api-ms-win-core-errorhandling-l1-1-0.dll
0x000000001f8c0000 - 0x000000001f8c4000 	C:\Program Files\Java\jre1.8.0_181\bin\api-ms-win-core-file-l1-1-0.dll
0x000000001f8d0000 - 0x000000001f8d3000 	C:\Program Files\Java\jre1.8.0_181\bin\api-ms-win-core-file-l1-2-0.dll
0x000000001f8e0000 - 0x000000001f8e3000 	C:\Program Files\Java\jre1.8.0_181\bin\api-ms-win-core-file-l2-1-0.dll
0x000000001f8f0000 - 0x000000001f8f3000 	C:\Program Files\Java\jre1.8.0_181\bin\api-ms-win-core-handle-l1-1-0.dll
0x000000001f900000 - 0x000000001f903000 	C:\Program Files\Java\jre1.8.0_181\bin\api-ms-win-core-heap-l1-1-0.dll
0x000000001f910000 - 0x000000001f913000 	C:\Program Files\Java\jre1.8.0_181\bin\api-ms-win-core-interlocked-l1-1-0.dll
0x000000001f920000 - 0x000000001f923000 	C:\Program Files\Java\jre1.8.0_181\bin\api-ms-win-core-libraryloader-l1-1-0.dll
0x000000001f930000 - 0x000000001f933000 	C:\Program Files\Java\jre1.8.0_181\bin\api-ms-win-core-localization-l1-2-0.dll
0x000000001f940000 - 0x000000001f943000 	C:\Program Files\Java\jre1.8.0_181\bin\api-ms-win-core-memory-l1-1-0.dll
0x000000001f950000 - 0x000000001f953000 	C:\Program Files\Java\jre1.8.0_181\bin\api-ms-win-core-namedpipe-l1-1-0.dll
0x000000001f960000 - 0x000000001f963000 	C:\Program Files\Java\jre1.8.0_181\bin\api-ms-win-core-processenvironment-l1-1-0.dll
0x000000001f970000 - 0x000000001f973000 	C:\Program Files\Java\jre1.8.0_181\bin\api-ms-win-core-processthreads-l1-1-0.dll
0x000000001f980000 - 0x000000001f983000 	C:\Program Files\Java\jre1.8.0_181\bin\api-ms-win-core-processthreads-l1-1-1.dll
0x000000001f990000 - 0x000000001f993000 	C:\Program Files\Java\jre1.8.0_181\bin\api-ms-win-core-profile-l1-1-0.dll
0x000000001f9a0000 - 0x000000001f9a3000 	C:\Program Files\Java\jre1.8.0_181\bin\api-ms-win-core-rtlsupport-l1-1-0.dll
0x000000001f9b0000 - 0x000000001f9b3000 	C:\Program Files\Java\jre1.8.0_181\bin\api-ms-win-core-string-l1-1-0.dll
0x000000001f9c0000 - 0x000000001f9c3000 	C:\Program Files\Java\jre1.8.0_181\bin\api-ms-win-core-synch-l1-1-0.dll
0x000000001f9d0000 - 0x000000001f9d3000 	C:\Program Files\Java\jre1.8.0_181\bin\api-ms-win-core-synch-l1-2-0.dll
0x000000001f9e0000 - 0x000000001f9e3000 	C:\Program Files\Java\jre1.8.0_181\bin\api-ms-win-core-sysinfo-l1-1-0.dll
0x000000001f9f0000 - 0x000000001f9f3000 	C:\Program Files\Java\jre1.8.0_181\bin\api-ms-win-core-timezone-l1-1-0.dll
0x000000001fa00000 - 0x000000001fa03000 	C:\Program Files\Java\jre1.8.0_181\bin\api-ms-win-core-util-l1-1-0.dll
0x000000001fa10000 - 0x000000001fa13000 	C:\Program Files\Java\jre1.8.0_181\bin\api-ms-win-crt-conio-l1-1-0.dll
0x000000001fa20000 - 0x000000001fa24000 	C:\Program Files\Java\jre1.8.0_181\bin\api-ms-win-crt-convert-l1-1-0.dll
0x000000001fa30000 - 0x000000001fa33000 	C:\Program Files\Java\jre1.8.0_181\bin\api-ms-win-crt-environment-l1-1-0.dll
0x000000001fa40000 - 0x000000001fa43000 	C:\Program Files\Java\jre1.8.0_181\bin\api-ms-win-crt-filesystem-l1-1-0.dll
0x000000001fa50000 - 0x000000001fa53000 	C:\Program Files\Java\jre1.8.0_181\bin\api-ms-win-crt-heap-l1-1-0.dll
0x000000001fa60000 - 0x000000001fa63000 	C:\Program Files\Java\jre1.8.0_181\bin\api-ms-win-crt-locale-l1-1-0.dll
0x000000001fa70000 - 0x000000001fa75000 	C:\Program Files\Java\jre1.8.0_181\bin\api-ms-win-crt-math-l1-1-0.dll
0x000000001fa80000 - 0x000000001fa85000 	C:\Program Files\Java\jre1.8.0_181\bin\api-ms-win-crt-multibyte-l1-1-0.dll
0x000000001fa90000 - 0x000000001faa0000 	C:\Program Files\Java\jre1.8.0_181\bin\api-ms-win-crt-private-l1-1-0.dll
0x000000001faa0000 - 0x000000001faa3000 	C:\Program Files\Java\jre1.8.0_181\bin\api-ms-win-crt-process-l1-1-0.dll
0x000000001fab0000 - 0x000000001fab4000 	C:\Program Files\Java\jre1.8.0_181\bin\api-ms-win-crt-runtime-l1-1-0.dll
0x000000001fac0000 - 0x000000001fac4000 	C:\Program Files\Java\jre1.8.0_181\bin\api-ms-win-crt-stdio-l1-1-0.dll
0x000000001fad0000 - 0x000000001fad4000 	C:\Program Files\Java\jre1.8.0_181\bin\api-ms-win-crt-string-l1-1-0.dll
0x000000001fae0000 - 0x000000001fae3000 	C:\Program Files\Java\jre1.8.0_181\bin\api-ms-win-crt-time-l1-1-0.dll
0x000000001faf0000 - 0x000000001faf3000 	C:\Program Files\Java\jre1.8.0_181\bin\api-ms-win-crt-utility-l1-1-0.dll
0x00007ff97d840000 - 0x00007ff97d936000 	C:\Program Files\Java\jre1.8.0_181\bin\ucrtbase.dll
0x00007ff98b600000 - 0x00007ff98b616000 	C:\Program Files\Java\jre1.8.0_181\bin\vcruntime140.dll
0x00007ff9853c0000 - 0x00007ff98545c000 	C:\Program Files\Java\jre1.8.0_181\bin\msvcp140.dll
0x00007ff986060000 - 0x00007ff9860b1000 	C:\Program Files\Java\jre1.8.0_181\bin\concrt140.dll
0x0000000053e30000 - 0x0000000053e53000 	C:\Program Files\Java\jre1.8.0_181\bin\prism_d3d.dll
0x00007ff95c5c0000 - 0x00007ff95c787000 	C:\WINDOWS\system32\d3d9.dll
0x00007ff98f170000 - 0x00007ff98f19d000 	C:\WINDOWS\SYSTEM32\dwmapi.dll
0x00007ff98fa20000 - 0x00007ff98fa40000 	C:\WINDOWS\SYSTEM32\dxcore.dll
0x00007ff98e540000 - 0x00007ff98e5d9000 	C:\WINDOWS\system32\uxtheme.dll
0x00007ff91c2a0000 - 0x00007ff91ffab000 	C:\WINDOWS\System32\DriverStore\FileRepository\ki125177.inf_amd64_d9d520fc51d8a7f4\igdumdim64.dll
0x000000001fc80000 - 0x00000000200f0000 	C:\WINDOWS\System32\SETUPAPI.dll
0x0000000052d80000 - 0x0000000052dc9000 	C:\Program Files\Java\jre1.8.0_181\bin\glass.dll
0x00007ff993420000 - 0x00007ff9934f0000 	C:\WINDOWS\System32\COMDLG32.dll
0x00000000205f0000 - 0x0000000020726000 	C:\WINDOWS\System32\MSCTF.dll
0x00007ff977010000 - 0x00007ff97861c000 	C:\WINDOWS\System32\DriverStore\FileRepository\ki125177.inf_amd64_d9d520fc51d8a7f4\igc64.dll
0x0000000053f60000 - 0x0000000053f74000 	C:\Program Files\Java\jre1.8.0_181\bin\javafx_font.dll
0x0000000028650000 - 0x000000002894e000 	C:\WINDOWS\SYSTEM32\dwrite.dll
0x00007ff993740000 - 0x00007ff9937e2000 	C:\WINDOWS\System32\clbcatq.dll
0x00007ff983370000 - 0x00007ff98351f000 	C:\WINDOWS\SYSTEM32\WindowsCodecs.dll
0x00007ff960c80000 - 0x00007ff960cba000 	C:\WINDOWS\system32\dataexchange.dll
0x00007ff98c950000 - 0x00007ff98cbab000 	C:\WINDOWS\system32\d3d11.dll
0x00007ff981050000 - 0x00007ff98122c000 	C:\WINDOWS\system32\dcomp.dll
0x00007ff98fb40000 - 0x00007ff98fc2b000 	C:\WINDOWS\system32\dxgi.dll
0x00007ff98ee20000 - 0x00007ff98f07a000 	C:\WINDOWS\system32\twinapi.appcore.dll
0x00007ff98f250000 - 0x00007ff98f279000 	C:\WINDOWS\system32\RMCLIENT.dll
0x00007ff98ae80000 - 0x00007ff98aeb3000 	C:\Program Files\Common Files\Microsoft Shared\Ink\rtscom.dll
0x00007ff9714d0000 - 0x00007ff97156e000 	C:\WINDOWS\System32\TextInputFramework.dll
0x00007ff980030000 - 0x00007ff98035a000 	C:\WINDOWS\System32\CoreUIComponents.dll
0x00007ff98b480000 - 0x00007ff98b554000 	C:\WINDOWS\System32\CoreMessaging.dll
0x00007ff98db70000 - 0x00007ff98dcc3000 	C:\WINDOWS\SYSTEM32\wintypes.dll
0x00007ff987ff0000 - 0x00007ff988296000 	C:\WINDOWS\System32\iertutil.dll
0x0000000052d60000 - 0x0000000052d72000 	C:\Program Files\Java\jre1.8.0_181\bin\prism_common.dll
0x00007ff980630000 - 0x00007ff980bf0000 	C:\WINDOWS\SYSTEM32\d2d1.dll
0x00007ff97bd20000 - 0x00007ff97c461000 	C:\WINDOWS\SYSTEM32\D3D10Warp.dll

VM Arguments:
jvm_args: -Djava.library.path=C:\Users\Administrator\Desktop\opencv\build\java\x64 -Dfile.encoding=Cp1252 
java_command: application.Main
java_class_path (initial): E:\vdefine\vdefine\target\classes;E:\vdefine\vdefine\bin\opencv-341.jar;C:\Users\roopesh.unnamatla\.m2\repository\org\bytedeco\javacv-platform\1.3.2\javacv-platform-1.3.2.jar;C:\Users\roopesh.unnamatla\.m2\repository\org\bytedeco\javacv\1.3.2\javacv-1.3.2.jar;C:\Users\roopesh.unnamatla\.m2\repository\org\bytedeco\javacpp\1.3.2\javacpp-1.3.2.jar;C:\Users\roopesh.unnamatla\.m2\repository\org\bytedeco\javacpp-presets\opencv\3.2.0-1.3\opencv-3.2.0-1.3.jar;C:\Users\roopesh.unnamatla\.m2\repository\org\bytedeco\javacpp-presets\ffmpeg\3.2.1-1.3\ffmpeg-3.2.1-1.3.jar;C:\Users\roopesh.unnamatla\.m2\repository\org\bytedeco\javacpp-presets\flycapture\2.9.3.43-1.3\flycapture-2.9.3.43-1.3.jar;C:\Users\roopesh.unnamatla\.m2\repository\org\bytedeco\javacpp-presets\libdc1394\2.2.4-1.3\libdc1394-2.2.4-1.3.jar;C:\Users\roopesh.unnamatla\.m2\repository\org\bytedeco\javacpp-presets\libfreenect\0.5.3-1.3\libfreenect-0.5.3-1.3.jar;C:\Users\roopesh.unnamatla\.m2\repository\org\bytedeco\javacpp-presets\libfreenect2\0.2.0-1.3\libfreenect2-0.2.0-1.3.jar;C:\Users\roopesh.unnamatla\.m2\repository\org\bytedeco\javacpp-presets\librealsense\1.9.6-1.3\librealsense-1.9.6-1.3.jar;C:\Users\roopesh.unnamatla\.m2\repository\org\bytedeco\javacpp-presets\videoinput\0.200-1.3\videoinput-0.200-1.3.jar;C:\Users\roopesh.unnamatla\.m2\repository\org\bytedeco\javacpp-presets\artoolkitplus\2.3.1-1.3\artoolkitplus-2.3.1-1.3.jar;C:\Users\roopesh.unnamatla\.m2\repository\org\bytedeco\javacpp-presets\flandmark\1.07-1.3\flandmark-1.07-1.3.jar;C:\Users\roopesh.unnamatla\.m2\repository\org\bytedeco\javacpp-presets\opencv-platform\3.2.0-1.3\opencv-platform-3.2.0-1.3.jar;C:\Users\roopesh.unnamatla\.m2\repository\org\bytedeco\javacpp-presets\opencv\3.2.0-1.3\opencv-3.2.0-1.3-android-arm.jar;C:\Users\roopesh.unnamatla\.m2\repository\org\bytedeco\javacpp-presets\opencv\3.2.0-1.3\opencv-3.2.0-1.3-android-x86.jar;C:\Users\roopesh.unnamatla\.m2\repository\org\bytedeco\javacpp-presets\opencv\3.2.0-1
Launcher Type: SUN_STANDARD

Environment Variables:
JAVA_HOME=C:\Program Files\Java\jdk1.8.0_181
JRE_HOME=C:\Program Files\Java\jre1.8.0_181\
PATH=C:/Program Files/Java/jre1.8.0_181/bin/server;C:/Program Files/Java/jre1.8.0_181/bin;C:/Program Files/Java/jre1.8.0_181/lib/amd64;C:\Program Files (x86)\Common Files\Oracle\Java\javapath;C:\WINDOWS\system32;C:\WINDOWS;C:\WINDOWS\System32\Wbem;C:\WINDOWS\System32\WindowsPowerShell\v1.0\;C:\Program Files\apache-maven-3.5.4-bin\apache-maven-3.5.4\bin;C:\Program Files\Java\jdk1.7.0_40\bin;C:\Program Files\Microsoft VS Code\bin;C:\Program Files\nodejs;C:\Users\roopesh.unnamatla\AppData\Roaming\npm;C:\WINDOWS\System32\OpenSSH\;C:\Program Files\Git\cmd;C:\Program Files\TortoiseGit\bin;C:\Program Files\Intel\WiFi\bin\;C:\Program Files\Common Files\Intel\WirelessCommon\;C:\Program Files (x86)\Intel\Intel(R) Management Engine Components\DAL;C:\Program Files\Intel\Intel(R) Management Engine Components\DAL;E:\Softwares\putty\;C:\Users\roopesh.unnamatla\AppData\Local\Microsoft\WindowsApps;;E:\Softwares\spring-tool-suite-3.9.9.RELEASE-e4.12.0-win32-x86_64\sts-bundle\sts-3.9.9.RELEASE;
USERNAME=roopesh.unnamatla
OS=Windows_NT
PROCESSOR_IDENTIFIER=Intel64 Family 6 Model 142 Stepping 10, GenuineIntel



---------------  S Y S T E M  ---------------

OS: Windows 10.0 , 64 bit Build 18362 (10.0.18362.778)

CPU:total 8 (initial active 8) (4 cores per cpu, 2 threads per core) family 6 model 142 stepping 10, cmov, cx8, fxsr, mmx, sse, sse2, sse3, ssse3, sse4.1, sse4.2, popcnt, avx, avx2, aes, clmul, erms, rtm, 3dnowpref, lzcnt, ht, tsc, tscinvbit, bmi1, bmi2, adx

Memory: 4k page, physical 16633200k(6301652k free), swap 25021808k(10208164k free)

vm_info: Java HotSpot(TM) 64-Bit Server VM (25.181-b13) for windows-amd64 JRE (1.8.0_181-b13), built on Jul  7 2018 04:01:33 by "java_re" with MS VC++ 10.0 (VS2010)

time: Sun Jun 21 17:27:29 2020
elapsed time: 54 seconds (0d 0h 0m 54s)

